#
# There is insufficient memory for the Java Runtime Environment to continue.
# Native memory allocation (mmap) failed to map 132120576 bytes for Failed to commit area from 0x0000000082000000 to 0x0000000089e00000 of length 132120576.
# Possible reasons:
#   The system is out of physical RAM or swap space
#   The process is running with CompressedOops enabled, and the Java Heap may be blocking the growth of the native heap
# Possible solutions:
#   Reduce memory load on the system
#   Increase physical memory or swap space
#   Check if swap backing store is full
#   Decrease Java heap size (-Xmx/-Xms)
#   Decrease number of Java threads
#   Decrease Java thread stack sizes (-Xss)
#   Set larger code cache with -XX:ReservedCodeCacheSize=
# This output file may be truncated or incomplete.
#
#  Out of Memory Error (c:/BuildAgent/work/5ff2f6c26000d570/src/hotspot/os/windows/os_windows.cpp:3291), pid=6184, tid=15536
#
# JRE version:  (11.0.5+10) (build )
# Java VM: OpenJDK 64-Bit Server VM (11.0.5+10-b520.38, mixed mode, aot, sharing, tiered, compressed oops, g1 gc, windows-amd64)
# No core dump will be written. Minidumps are not enabled by default on client versions of Windows
#

---------------  S U M M A R Y ------------

Command Line: -javaagent:C:\Users\kingi\AppData\Local\JetBrains\IntelliJ IDEA 2019.2.3\lib\idea_rt.jar=52399:C:\Users\kingi\AppData\Local\JetBrains\IntelliJ IDEA 2019.2.3\bin -Dfile.encoding=UTF-8 org.example.App

Host: Intel(R) Core(TM) i7-8550U CPU @ 1.80GHz, 8 cores, 7G,  Windows 10 , 64 bit Build 18362 (10.0.18362.329)
Time: Sat Feb 22 19:32:05 2020 South Africa Standard Time elapsed time: 0 seconds (0d 0h 0m 0s)

---------------  T H R E A D  ---------------

Current thread (0x00000173cb646800):  JavaThread "Unknown thread" [_thread_in_vm, id=15536, stack(0x00000021f9400000,0x00000021f9500000)]

Stack: [0x00000021f9400000,0x00000021f9500000]
Native frames: (J=compiled Java code, j=interpreted, Vv=VM code, C=native code)
V  [jvm.dll+0x5dcafa]
V  [jvm.dll+0x70e375]
V  [jvm.dll+0x70f898]
V  [jvm.dll+0x70ff63]
V  [jvm.dll+0x23e238]
V  [jvm.dll+0x5da1c4]
V  [jvm.dll+0x5cf265]
V  [jvm.dll+0x2fac3b]
V  [jvm.dll+0x2fabaa]
V  [jvm.dll+0x2faa82]
V  [jvm.dll+0x2ff956]
V  [jvm.dll+0x3480d3]
V  [jvm.dll+0x3487d6]
V  [jvm.dll+0x3481d3]
V  [jvm.dll+0x2d5548]
V  [jvm.dll+0x2d66e7]
V  [jvm.dll+0x6ed237]
V  [jvm.dll+0x6eea2c]
V  [jvm.dll+0x355849]
V  [jvm.dll+0x6d239e]
V  [jvm.dll+0x3be283]
V  [jvm.dll+0x3c0701]
C  [jli.dll+0x5363]
C  [ucrtbase.dll+0x20e72]
C  [KERNEL32.DLL+0x17bd4]
C  [ntdll.dll+0x6ced1]


---------------  P R O C E S S  ---------------

Threads class SMR info:
_java_thread_list=0x00000173c93c3860, length=0, elements={
}

Java Threads: ( => current thread )

Other Threads:
  0x00000173cb661800 GCTaskThread "GC Thread#0" [stack: 0x00000021f9500000,0x00000021f9600000] [id=11608]
  0x00000173cb691000 ConcurrentGCThread "G1 Main Marker" [stack: 0x00000021f9600000,0x00000021f9700000] [id=17492]
  0x00000173cb692000 ConcurrentGCThread "G1 Conc#0" [stack: 0x00000021f9700000,0x00000021f9800000] [id=13552]

[error occurred during error reporting (printing all threads), id 0xc0000005, EXCEPTION_ACCESS_VIOLATION (0xc0000005) at pc=0x00007ffdb7315c17]

VM state:not at safepoint (not fully initialized)

VM Mutex/Monitor currently owned by a thread:  ([mutex/lock_event])
[0x00000173cb645bf0] Heap_lock - owner thread: 0x00000173cb646800

Heap address: 0x0000000082000000, size: 2016 MB, Compressed Oops mode: Non-zero based: 0x0000000082000000
Narrow klass base: 0x0000000000000000, Narrow klass shift: 0

GC Heap History (0 events):
No events

Deoptimization events (0 events):
No events

Classes redefined (0 events):
No events

Internal exceptions (0 events):
No events

Events (0 events):
No events


Dynamic libraries:
0x00007ff7c4610000 - 0x00007ff7c461a000 	C:\Users\kingi\AppData\Local\JetBrains\IntelliJ IDEA 2019.2.3\jbr\bin\java.exe
0x00007ffe18200000 - 0x00007ffe183f0000 	C:\WINDOWS\SYSTEM32\ntdll.dll
0x00007ffe16490000 - 0x00007ffe16542000 	C:\WINDOWS\System32\KERNEL32.DLL
0x00007ffe15d30000 - 0x00007ffe15fd3000 	C:\WINDOWS\System32\KERNELBASE.dll
0x00007ffe15fe0000 - 0x00007ffe160da000 	C:\WINDOWS\System32\ucrtbase.dll
0x00007ffde4f20000 - 0x00007ffde4f37000 	C:\Users\kingi\AppData\Local\JetBrains\IntelliJ IDEA 2019.2.3\jbr\bin\VCRUNTIME140.dll
0x00007ffdf6140000 - 0x00007ffdf6159000 	C:\Users\kingi\AppData\Local\JetBrains\IntelliJ IDEA 2019.2.3\jbr\bin\jli.dll
0x00007ffe17ed0000 - 0x00007ffe18064000 	C:\WINDOWS\System32\USER32.dll
0x00007ffe15bd0000 - 0x00007ffe15bf1000 	C:\WINDOWS\System32\win32u.dll
0x00007ffe0a100000 - 0x00007ffe0a385000 	C:\WINDOWS\WinSxS\amd64_microsoft.windows.common-controls_6595b64144ccf1df_6.0.18362.657_none_e6c5b579130e3898\COMCTL32.dll
0x00007ffe18190000 - 0x00007ffe181b6000 	C:\WINDOWS\System32\GDI32.dll
0x00007ffe16f80000 - 0x00007ffe1701e000 	C:\WINDOWS\System32\msvcrt.dll
0x00007ffe151e0000 - 0x00007ffe15374000 	C:\WINDOWS\System32\gdi32full.dll
0x00007ffe16800000 - 0x00007ffe16b36000 	C:\WINDOWS\System32\combase.dll
0x00007ffe15c60000 - 0x00007ffe15cfe000 	C:\WINDOWS\System32\msvcp_win.dll
0x00007ffe18070000 - 0x00007ffe18190000 	C:\WINDOWS\System32\RPCRT4.dll
0x00007ffe160e0000 - 0x00007ffe16160000 	C:\WINDOWS\System32\bcryptPrimitives.dll
0x00007ffe167d0000 - 0x00007ffe167fe000 	C:\WINDOWS\System32\IMM32.DLL
0x00007ffdd8200000 - 0x00007ffdd829d000 	C:\Users\kingi\AppData\Local\JetBrains\IntelliJ IDEA 2019.2.3\jbr\bin\msvcp140.dll
0x00007ffdb7030000 - 0x00007ffdb7aeb000 	C:\Users\kingi\AppData\Local\JetBrains\IntelliJ IDEA 2019.2.3\jbr\bin\server\jvm.dll
0x00007ffe16380000 - 0x00007ffe16423000 	C:\WINDOWS\System32\ADVAPI32.dll
0x00007ffe17ba0000 - 0x00007ffe17c37000 	C:\WINDOWS\System32\sechost.dll
0x00007ffe16bc0000 - 0x00007ffe16bc8000 	C:\WINDOWS\System32\PSAPI.DLL
0x00007ffe12690000 - 0x00007ffe126b4000 	C:\WINDOWS\SYSTEM32\WINMM.dll
0x00007ffe02670000 - 0x00007ffe02679000 	C:\WINDOWS\SYSTEM32\WSOCK32.dll
0x00007ffe0c930000 - 0x00007ffe0c93a000 	C:\WINDOWS\SYSTEM32\VERSION.dll
0x00007ffe16b50000 - 0x00007ffe16bbf000 	C:\WINDOWS\System32\WS2_32.dll
0x00007ffe12660000 - 0x00007ffe1268d000 	C:\WINDOWS\SYSTEM32\winmmbase.dll
0x00007ffe15190000 - 0x00007ffe151da000 	C:\WINDOWS\System32\cfgmgr32.dll
0x00007ffe150e0000 - 0x00007ffe150f1000 	C:\WINDOWS\System32\kernel.appcore.dll
0x00007ffdf56c0000 - 0x00007ffdf56d1000 	C:\Users\kingi\AppData\Local\JetBrains\IntelliJ IDEA 2019.2.3\jbr\bin\verify.dll
0x00007ffe138a0000 - 0x00007ffe13a94000 	C:\WINDOWS\SYSTEM32\DBGHELP.DLL
0x00007ffe00280000 - 0x00007ffe002aa000 	C:\WINDOWS\SYSTEM32\dbgcore.DLL
0x00007ffdf34e0000 - 0x00007ffdf3509000 	C:\Users\kingi\AppData\Local\JetBrains\IntelliJ IDEA 2019.2.3\jbr\bin\java.dll
0x00007ffe07320000 - 0x00007ffe0732f000 	C:\Users\kingi\AppData\Local\JetBrains\IntelliJ IDEA 2019.2.3\jbr\bin\instrument.dll
0x00007ffde8490000 - 0x00007ffde84a7000 	C:\Users\kingi\AppData\Local\JetBrains\IntelliJ IDEA 2019.2.3\jbr\bin\zip.dll
0x00007ffdff670000 - 0x00007ffdff67b000 	C:\Users\kingi\AppData\Local\JetBrains\IntelliJ IDEA 2019.2.3\jbr\bin\jimage.dll

dbghelp: loaded successfully - version: 4.0.5 - missing functions: none
symbol engine: initialized successfully - sym options: 0x614 - pdb path: .;C:\Users\kingi\AppData\Local\JetBrains\IntelliJ IDEA 2019.2.3\jbr\bin;C:\WINDOWS\SYSTEM32;C:\WINDOWS\WinSxS\amd64_microsoft.windows.common-controls_6595b64144ccf1df_6.0.18362.657_none_e6c5b579130e3898;C:\Users\kingi\AppData\Local\JetBrains\IntelliJ IDEA 2019.2.3\jbr\bin\server

VM Arguments:
jvm_args: -javaagent:C:\Users\kingi\AppData\Local\JetBrains\IntelliJ IDEA 2019.2.3\lib\idea_rt.jar=52399:C:\Users\kingi\AppData\Local\JetBrains\IntelliJ IDEA 2019.2.3\bin -Dfile.encoding=UTF-8 
java_command: org.example.App
java_class_path (initial): C:\Users\kingi\IdeaProjects\Assignment1\Assignment2\target\classes
Launcher Type: SUN_STANDARD

[Global flags]
     intx CICompilerCount                          = 4                                         {product} {ergonomic}
     uint ConcGCThreads                            = 2                                         {product} {ergonomic}
     uint G1ConcRefinementThreads                  = 8                                         {product} {ergonomic}
   size_t G1HeapRegionSize                         = 1048576                                   {product} {ergonomic}
    uintx GCDrainStackTargetSize                   = 64                                        {product} {ergonomic}
   size_t InitialHeapSize                          = 132120576                                 {product} {ergonomic}
   size_t MarkStackSize                            = 4194304                                   {product} {ergonomic}
   size_t MaxHeapSize                              = 2113929216                                {product} {ergonomic}
   size_t MinHeapDeltaBytes                        = 1048576                                   {product} {ergonomic}
    uintx NonNMethodCodeHeapSize                   = 5836300                                {pd product} {ergonomic}
    uintx NonProfiledCodeHeapSize                  = 122910970                              {pd product} {ergonomic}
    uintx ProfiledCodeHeapSize                     = 122910970                              {pd product} {ergonomic}
    uintx ReservedCodeCacheSize                    = 251658240                              {pd product} {ergonomic}
     bool SegmentedCodeCache                       = true                                      {product} {ergonomic}
     bool UseCompressedClassPointers               = true                                 {lp64_product} {ergonomic}
     bool UseCompressedOops                        = true                                 {lp64_product} {ergonomic}
     bool UseG1GC                                  = true                                      {product} {ergonomic}
     bool UseLargePagesIndividualAllocation        = false                                  {pd product} {ergonomic}

Logging:
Log output configuration:
 #0: stdout all=warning uptime,level,tags
 #1: stderr all=off uptime,level,tags

Environment Variables:
PATH=C:\Program Files (x86)\NVIDIA Corporation\PhysX\Common;C:\Program Files (x86)\Common Files\Oracle\Java\javapath;C:\WINDOWS\system32;C:\WINDOWS;C:\WINDOWS\System32\Wbem;C:\WINDOWS\System32\WindowsPowerShell\v1.0\;C:\WINDOWS\System32\OpenSSH\;C:\Program Files (x86)\Intel\Intel(R) Management Engine Components\DAL;C:\Program Files\Intel\Intel(R) Management Engine Components\DAL;C:\Program Files\Git\cmd;C:\Users\kingi\AppData\Local\Microsoft\WindowsApps;;C:\Program Files\JetBrains\IntelliJ IDEA 2018.3.4\bin;
USERNAME=kingi
OS=Windows_NT
PROCESSOR_IDENTIFIER=Intel64 Family 6 Model 142 Stepping 10, GenuineIntel



---------------  S Y S T E M  ---------------

OS: Windows 10 , 64 bit Build 18362 (10.0.18362.329)

CPU:total 8 (initial active 8) (4 cores per cpu, 2 threads per core) family 6 model 142 stepping 10, cmov, cx8, fxsr, mmx, sse, sse2, sse3, ssse3, sse4.1, sse4.2, popcnt, avx, avx2, aes, clmul, erms, 3dnowpref, lzcnt, ht, tsc, tscinvbit, bmi1, bmi2, adx, fma

Memory: 4k page, system-wide physical 8057M (1581M free)
TotalPageFile size 9960M (AvailPageFile size 76M)
current process WorkingSet (physical memory assigned to process): 10M, peak: 10M
current process commit charge ("private bytes"): 60M, peak: 186M

vm_info: OpenJDK 64-Bit Server VM (11.0.5+10-b520.38) for windows-amd64 JRE (11.0.5+10-b520.38), built on Jan 23 2020 07:58:32 by "" with MS VC++ 14.0 (VS2015)

END.
